<?xml version="1.0" encoding="UTF-8"?>
<testsuite xmlns:xsi="http://www.w3.org/2001/XMLSchema-instance" xsi:noNamespaceSchemaLocation="https://maven.apache.org/surefire/maven-surefire-plugin/xsd/surefire-test-report.xsd" name="com.mulesoft.training.HelloMavenTest" time="5.372" tests="1" errors="0" skipped="0" failures="1">
  <properties>
[...]
</properties>
  <testcase name="mavenFlowReturnsHelloMaven" classname="com.mulesoft.training.HelloMavenTest" time="4.442">
    <failure message="expected:&lt;Hello [Maven]&gt; but was:&lt;Hello [World]&gt;" type="org.junit.ComparisonFailure"><![CDATA[org.junit.ComparisonFailure: expected:<Hello [Maven]> but was:<Hello [World]>
	at com.mulesoft.training.HelloMavenTest.mavenFlowReturnsHelloMaven(HelloMavenTest.java:10)
]]></failure>
    <system-out><![CDATA[
================================================================================
= Testing: mavenFlowReturnsHelloMaven                                          =
================================================================================
INFO  2017-11-06 09:35:44,752 [Thread-1] com.mulesoft.training.HelloMavenTest: Using working directory for test: C:\Users\Phony\AppData\Local\Temp\junit944974279125085992
INFO  2017-11-06 09:35:44,927 [Thread-1] org.mule.lifecycle.AbstractLifecycleManager: Initialising RegistryBroker
INFO  2017-11-06 09:35:45,106 [Thread-1] org.mule.config.spring.MuleArtifactContext: Refreshing org.mule.config.spring.MuleArtifactContext@6ae71dd4: startup date [Mon Nov 06 09:35:45 CST 2017]; root of context hierarchy
INFO  2017-11-06 09:35:46,449 [Thread-1] org.mule.config.spring.processors.NoDevkitInjectorProcessor: JSR-330 'javax.inject.Inject' annotation found and supported for autowiring
INFO  2017-11-06 09:35:47,437 [Thread-1] org.mule.util.journal.TransactionJournal: Using files for tx logs C:\Users\Phony\AppData\Local\Temp\junit944974279125085992\queue-tx-log\tx1.log and C:\Users\Phony\AppData\Local\Temp\junit944974279125085992\queue-tx-log\tx2.log
INFO  2017-11-06 09:35:47,475 [Thread-1] org.mule.util.journal.TransactionJournal: Using files for tx logs C:\Users\Phony\AppData\Local\Temp\junit944974279125085992\queue-xa-tx-log\tx1.log and C:\Users\Phony\AppData\Local\Temp\junit944974279125085992\queue-xa-tx-log\tx2.log
INFO  2017-11-06 09:35:47,483 [Thread-1] org.mule.lifecycle.AbstractLifecycleManager: Initialising model: _muleSystemModel
INFO  2017-11-06 09:35:47,487 [Thread-1] org.mule.construct.FlowConstructLifecycleManager: Initialising flow: mavenFlow
INFO  2017-11-06 09:35:47,487 [Thread-1] org.mule.exception.DefaultMessagingExceptionStrategy: Initialising exception listener: org.mule.exception.DefaultMessagingExceptionStrategy@74cd31c9
INFO  2017-11-06 09:35:47,528 [Thread-1] org.mule.processor.SedaStageLifecycleManager: Initialising service: mavenFlow.stage1
INFO  2017-11-06 09:35:47,663 [Thread-1] org.mule.config.spring.SpringXmlConfigurationBuilder: Configured Mule using "org.mule.config.spring.SpringXmlConfigurationBuilder" with configuration resource(s): "[ConfigResource{resourceName='maven-project.xml'}]"
INFO  2017-11-06 09:35:47,666 [Thread-1] org.mule.util.queue.QueueXaResourceManager: Starting ResourceManager
INFO  2017-11-06 09:35:47,667 [Thread-1] org.mule.util.queue.QueueXaResourceManager: Started ResourceManager
INFO  2017-11-06 09:35:47,749 [Thread-1] org.mule.module.http.internal.listener.DefaultHttpListenerConfig: Listening for requests on http://0.0.0.0:8085
INFO  2017-11-06 09:35:47,751 [Thread-1] org.mule.lifecycle.AbstractLifecycleManager: Starting model: _muleSystemModel
INFO  2017-11-06 09:35:47,753 [Thread-1] org.mule.construct.FlowConstructLifecycleManager: Starting flow: mavenFlow
INFO  2017-11-06 09:35:47,754 [Thread-1] org.mule.processor.SedaStageLifecycleManager: Starting service: mavenFlow.stage1
INFO  2017-11-06 09:35:47,788 [Thread-1] org.mule.DefaultMuleContext: 
**********************************************************************
* Mule Runtime and Integration Platform                              *
* Version: 3.8.3 Build: 9246de8f                                     *
* MuleSoft, Inc.                                                     *
* For more information go to http://www.mulesoft.org                 *
*                                                                    *
* Server started: 17-11-6 上午9:35                                   *
* Server ID: ceb01730-c292-11e7-8243-e4b318d421ba                    *
* JDK: 1.8.0_121 (mixed mode)                                        *
* OS encoding: GBK, Mule encoding: UTF-8                             *
* OS: Windows 10 -  (10.0, amd64)                                    *
* Host: Phony-PC (10.0.75.1)                                         *
*                                                                    *
* Agents Running: None                                               *
**********************************************************************
WARN  2017-11-06 09:35:47,840 [Thread-1] org.mule.model.seda.SedaModel: The <model> element is deprecated in Mule 3.4 and will be removed in Mule 4.0.  Flows do not need to be configured inside a <model> element. 
INFO  2017-11-06 09:35:47,840 [Thread-1] org.mule.lifecycle.AbstractLifecycleManager: Initialising model: main
INFO  2017-11-06 09:35:47,840 [Thread-1] org.mule.lifecycle.AbstractLifecycleManager: Starting model: main
WARN  2017-11-06 09:35:47,869 [Thread-1] org.mule.model.seda.SedaService: Services (SedaService or any custom implementation) are deprecated in Mule 3.4 and will be removed in Mule 4.0. 
INFO  2017-11-06 09:35:47,872 [Thread-1] org.mule.service.ServiceLifecycleManager: Initialising service: appleService
INFO  2017-11-06 09:35:47,889 [Thread-1] org.mule.exception.DefaultMessagingExceptionStrategy: Initialising exception listener: org.mule.exception.DefaultMessagingExceptionStrategy@3e02dd22
INFO  2017-11-06 09:35:47,890 [Thread-1] org.mule.component.ComponentLifecycleManager: Initialising component: component.498582468
INFO  2017-11-06 09:35:47,891 [Thread-1] org.mule.processor.SedaStageLifecycleManager: Initialising service: appleService
INFO  2017-11-06 09:35:47,895 [Thread-1] org.mule.service.ServiceLifecycleManager: Starting service: appleService
INFO  2017-11-06 09:35:47,896 [Thread-1] org.mule.component.ComponentLifecycleManager: Starting component: component.498582468
INFO  2017-11-06 09:35:47,956 [Thread-1] org.mule.processor.SedaStageLifecycleManager: Starting service: appleService
INFO  2017-11-06 09:35:48,026 [Thread-1] org.mule.lifecycle.AbstractLifecycleManager: Initialising connector: testConnector
INFO  2017-11-06 09:35:48,086 [Thread-1] org.mule.tck.testmodels.mule.TestConnector: Connected: TestConnector
{
  name=testConnector
  lifecycle=initialise
  this=362f6d4
  numberOfConcurrentTransactedReceivers=4
  createMultipleTransactedReceivers=true
  connected=true
  supportedProtocols=[test]
  serviceOverrides=<none>
}

INFO  2017-11-06 09:35:48,090 [Thread-1] org.mule.tck.testmodels.mule.TestConnector: Starting: TestConnector
{
  name=testConnector
  lifecycle=initialise
  this=362f6d4
  numberOfConcurrentTransactedReceivers=4
  createMultipleTransactedReceivers=true
  connected=true
  supportedProtocols=[test]
  serviceOverrides=<none>
}

INFO  2017-11-06 09:35:48,107 [Thread-1] org.mule.lifecycle.AbstractLifecycleManager: Starting connector: testConnector
INFO  2017-11-06 09:35:48,199 [Thread-1] org.mule.construct.FlowConstructLifecycleManager: Stopping flow: mavenFlow
INFO  2017-11-06 09:35:48,200 [Thread-1] org.mule.processor.SedaStageLifecycleManager: Stopping service: mavenFlow.stage1
INFO  2017-11-06 09:35:48,335 [Thread-1] org.mule.service.ServiceLifecycleManager: Stopping service: appleService
INFO  2017-11-06 09:35:48,335 [Thread-1] org.mule.processor.SedaStageLifecycleManager: Stopping service: appleService
INFO  2017-11-06 09:35:48,461 [Thread-1] org.mule.component.ComponentLifecycleManager: Stopping component: component.498582468
INFO  2017-11-06 09:35:48,462 [Thread-1] org.mule.lifecycle.AbstractLifecycleManager: Stopping model: _muleSystemModel
INFO  2017-11-06 09:35:48,503 [Thread-1] org.mule.module.http.internal.listener.DefaultHttpListenerConfig: Stopped listener on http://0.0.0.0:8085
INFO  2017-11-06 09:35:48,505 [Thread-1] org.mule.util.queue.QueueXaResourceManager: Stopping ResourceManager
INFO  2017-11-06 09:35:48,505 [Thread-1] org.mule.util.queue.QueueXaResourceManager: Stopped ResourceManager
INFO  2017-11-06 09:35:48,508 [Thread-1] org.mule.lifecycle.AbstractLifecycleManager: Disposing RegistryBroker
INFO  2017-11-06 09:35:48,510 [Thread-1] org.mule.construct.FlowConstructLifecycleManager: Disposing flow: mavenFlow
INFO  2017-11-06 09:35:48,510 [Thread-1] org.mule.processor.SedaStageLifecycleManager: Disposing service: mavenFlow.stage1
INFO  2017-11-06 09:35:48,511 [Thread-1] org.mule.service.ServiceLifecycleManager: Disposing service: appleService
INFO  2017-11-06 09:35:48,512 [Thread-1] org.mule.component.ComponentLifecycleManager: Disposing component: component.498582468
INFO  2017-11-06 09:35:48,512 [Thread-1] org.mule.processor.SedaStageLifecycleManager: Disposing service: appleService
INFO  2017-11-06 09:35:48,513 [Thread-1] org.mule.lifecycle.AbstractLifecycleManager: Disposing model: _muleSystemModel
INFO  2017-11-06 09:35:48,640 [Thread-1] org.mule.config.spring.MuleArtifactContext: Closing org.mule.config.spring.MuleArtifactContext@6ae71dd4: startup date [Mon Nov 06 09:35:45 CST 2017]; root of context hierarchy
INFO  2017-11-06 09:35:48,753 [Thread-1] org.mule.DefaultMuleContext: 
**********************************************************************
* Mule Context shut down normally on: 17-11-6 上午9:35               *
* Server was up for: 0 days, 0 hours, 0 mins, 1.84 sec               *
**********************************************************************
]]></system-out>
  </testcase>
</testsuite>